2024-09-22 00:22:43,052 - engineio.server - INFO - efFn4VflUuuaThAaAAAA: Sending packet OPEN data {'sid': 'efFn4VflUuuaThAaAAAA', 'upgrades': ['websocket'], 'pingTimeout': 20000, 'pingInterval': 25000}
2024-09-22 00:22:43,103 - engineio.server - INFO - efFn4VflUuuaThAaAAAA: Received packet MESSAGE data 0
2024-09-22 00:22:43,104 - engineio.server - INFO - efFn4VflUuuaThAaAAAA: Sending packet MESSAGE data 0{"sid":"SRLoaXDXzYXW8-LtAAAB"}
2024-09-22 00:22:43,118 - engineio.server - INFO - efFn4VflUuuaThAaAAAA: Received request to upgrade to websocket
2024-09-22 00:22:43,139 - engineio.server - INFO - efFn4VflUuuaThAaAAAA: Upgrade to websocket successful
2024-09-22 00:22:44,613 - engineio.server - INFO - efFn4VflUuuaThAaAAAA: Received packet MESSAGE data 2["get_patient_data",{"patients":["Alicia Keys"],"email":"nikos.spanos@outlook.com"}]
2024-09-22 00:22:44,613 - socketio.server - INFO - received event "get_patient_data" from SRLoaXDXzYXW8-LtAAAB [/]
2024-09-22 00:22:44,616 - socketio.server - INFO - SRLoaXDXzYXW8-LtAAAB is entering room nikos.spanos@outlook.com [/]
2024-09-22 00:22:44,681 - socketio.server - INFO - emitting event "update_patient_data" to nikos.spanos@outlook.com [/]
2024-09-22 00:22:44,682 - engineio.server - INFO - efFn4VflUuuaThAaAAAA: Sending packet MESSAGE data 2["update_patient_data",{"device_owner":"usernameA","avg_temp":-1.0,"graph_data":"{\"x\": [], \"y_heart_rate\": [], \"y_spo2\": [], \"device_owner\": \"usernameA\"}","personal_traits":{"name":"Alicia Keys","age":61,"gender":"Female"},"medical_history":{"chronic_conditions":"Diabetes","family_history":"Heart disease","smoking":"No","alcohol_usage":"Occasional","allergies":null,"medication":"Metformin"}}]
2024-09-22 00:22:48,883 - engineio.server - INFO - efFn4VflUuuaThAaAAAA: Received packet MESSAGE data 2["send_patient_message",{"email":"nikos.spanos@outlook.com","patient_name":"Alicia Keys","message":"Ok done!","device_owner":"usernameA","publish_flag":0}]
2024-09-22 00:22:48,884 - socketio.server - INFO - received event "send_patient_message" from SRLoaXDXzYXW8-LtAAAB [/]
2024-09-22 00:22:48,885 - root - INFO - Received send_patient_message event with data: 
2024-09-22 00:22:48,885 - root - INFO - Adding message to the database...
2024-09-22 00:22:48,899 - root - INFO - Message from Alicia Keys (device owner: usernameA) saved to the database.
2024-09-22 00:22:48,899 - socketio.server - INFO - emitting event "message_saved" to all [/]
2024-09-22 00:22:48,900 - engineio.server - INFO - efFn4VflUuuaThAaAAAA: Sending packet MESSAGE data 2["message_saved",{"status":"success","message":"Message saved successfully","patient_name":"Alicia Keys"}]
2024-09-22 00:22:49,711 - socketio.server - INFO - emitting event "update_patient_data" to nikos.spanos@outlook.com [/]
2024-09-22 00:22:49,711 - engineio.server - INFO - efFn4VflUuuaThAaAAAA: Sending packet MESSAGE data 2["update_patient_data",{"device_owner":"usernameA","avg_temp":-1.0,"graph_data":"{\"x\": [], \"y_heart_rate\": [], \"y_spo2\": [], \"device_owner\": \"usernameA\"}","personal_traits":{"name":"Alicia Keys","age":61,"gender":"Female"},"medical_history":{"chronic_conditions":"Diabetes","family_history":"Heart disease","smoking":"No","alcohol_usage":"Occasional","allergies":null,"medication":"Metformin"}}]
2024-09-22 00:22:54,738 - socketio.server - INFO - emitting event "update_patient_data" to nikos.spanos@outlook.com [/]
2024-09-22 00:22:54,738 - engineio.server - INFO - efFn4VflUuuaThAaAAAA: Sending packet MESSAGE data 2["update_patient_data",{"device_owner":"usernameA","avg_temp":-1.0,"graph_data":"{\"x\": [], \"y_heart_rate\": [], \"y_spo2\": [], \"device_owner\": \"usernameA\"}","personal_traits":{"name":"Alicia Keys","age":61,"gender":"Female"},"medical_history":{"chronic_conditions":"Diabetes","family_history":"Heart disease","smoking":"No","alcohol_usage":"Occasional","allergies":null,"medication":"Metformin"}}]
2024-09-22 00:22:59,759 - socketio.server - INFO - emitting event "update_patient_data" to nikos.spanos@outlook.com [/]
2024-09-22 00:22:59,759 - engineio.server - INFO - efFn4VflUuuaThAaAAAA: Sending packet MESSAGE data 2["update_patient_data",{"device_owner":"usernameA","avg_temp":-1.0,"graph_data":"{\"x\": [], \"y_heart_rate\": [], \"y_spo2\": [], \"device_owner\": \"usernameA\"}","personal_traits":{"name":"Alicia Keys","age":61,"gender":"Female"},"medical_history":{"chronic_conditions":"Diabetes","family_history":"Heart disease","smoking":"No","alcohol_usage":"Occasional","allergies":null,"medication":"Metformin"}}]
2024-09-22 00:23:04,779 - socketio.server - INFO - emitting event "update_patient_data" to nikos.spanos@outlook.com [/]
2024-09-22 00:23:04,779 - engineio.server - INFO - efFn4VflUuuaThAaAAAA: Sending packet MESSAGE data 2["update_patient_data",{"device_owner":"usernameA","avg_temp":-1.0,"graph_data":"{\"x\": [], \"y_heart_rate\": [], \"y_spo2\": [], \"device_owner\": \"usernameA\"}","personal_traits":{"name":"Alicia Keys","age":61,"gender":"Female"},"medical_history":{"chronic_conditions":"Diabetes","family_history":"Heart disease","smoking":"No","alcohol_usage":"Occasional","allergies":null,"medication":"Metformin"}}]
2024-09-22 00:23:08,055 - engineio.server - INFO - efFn4VflUuuaThAaAAAA: Sending packet PING data None
2024-09-22 00:23:08,057 - engineio.server - INFO - efFn4VflUuuaThAaAAAA: Received packet PONG data 
2024-09-22 00:23:09,802 - socketio.server - INFO - emitting event "update_patient_data" to nikos.spanos@outlook.com [/]
2024-09-22 00:23:09,803 - engineio.server - INFO - efFn4VflUuuaThAaAAAA: Sending packet MESSAGE data 2["update_patient_data",{"device_owner":"usernameA","avg_temp":-1.0,"graph_data":"{\"x\": [], \"y_heart_rate\": [], \"y_spo2\": [], \"device_owner\": \"usernameA\"}","personal_traits":{"name":"Alicia Keys","age":61,"gender":"Female"},"medical_history":{"chronic_conditions":"Diabetes","family_history":"Heart disease","smoking":"No","alcohol_usage":"Occasional","allergies":null,"medication":"Metformin"}}]
2024-09-22 00:23:14,824 - socketio.server - INFO - emitting event "update_patient_data" to nikos.spanos@outlook.com [/]
2024-09-22 00:23:14,824 - engineio.server - INFO - efFn4VflUuuaThAaAAAA: Sending packet MESSAGE data 2["update_patient_data",{"device_owner":"usernameA","avg_temp":-1.0,"graph_data":"{\"x\": [], \"y_heart_rate\": [], \"y_spo2\": [], \"device_owner\": \"usernameA\"}","personal_traits":{"name":"Alicia Keys","age":61,"gender":"Female"},"medical_history":{"chronic_conditions":"Diabetes","family_history":"Heart disease","smoking":"No","alcohol_usage":"Occasional","allergies":null,"medication":"Metformin"}}]
2024-09-22 00:23:19,846 - socketio.server - INFO - emitting event "update_patient_data" to nikos.spanos@outlook.com [/]
2024-09-22 00:23:19,846 - engineio.server - INFO - efFn4VflUuuaThAaAAAA: Sending packet MESSAGE data 2["update_patient_data",{"device_owner":"usernameA","avg_temp":-1.0,"graph_data":"{\"x\": [], \"y_heart_rate\": [], \"y_spo2\": [], \"device_owner\": \"usernameA\"}","personal_traits":{"name":"Alicia Keys","age":61,"gender":"Female"},"medical_history":{"chronic_conditions":"Diabetes","family_history":"Heart disease","smoking":"No","alcohol_usage":"Occasional","allergies":null,"medication":"Metformin"}}]
2024-09-22 00:23:24,873 - socketio.server - INFO - emitting event "update_patient_data" to nikos.spanos@outlook.com [/]
2024-09-22 00:23:24,873 - engineio.server - INFO - efFn4VflUuuaThAaAAAA: Sending packet MESSAGE data 2["update_patient_data",{"device_owner":"usernameA","avg_temp":-1.0,"graph_data":"{\"x\": [], \"y_heart_rate\": [], \"y_spo2\": [], \"device_owner\": \"usernameA\"}","personal_traits":{"name":"Alicia Keys","age":61,"gender":"Female"},"medical_history":{"chronic_conditions":"Diabetes","family_history":"Heart disease","smoking":"No","alcohol_usage":"Occasional","allergies":null,"medication":"Metformin"}}]
2024-09-22 00:23:29,894 - socketio.server - INFO - emitting event "update_patient_data" to nikos.spanos@outlook.com [/]
2024-09-22 00:23:29,894 - engineio.server - INFO - efFn4VflUuuaThAaAAAA: Sending packet MESSAGE data 2["update_patient_data",{"device_owner":"usernameA","avg_temp":-1.0,"graph_data":"{\"x\": [], \"y_heart_rate\": [], \"y_spo2\": [], \"device_owner\": \"usernameA\"}","personal_traits":{"name":"Alicia Keys","age":61,"gender":"Female"},"medical_history":{"chronic_conditions":"Diabetes","family_history":"Heart disease","smoking":"No","alcohol_usage":"Occasional","allergies":null,"medication":"Metformin"}}]
2024-09-22 00:23:33,058 - engineio.server - INFO - efFn4VflUuuaThAaAAAA: Sending packet PING data None
2024-09-22 00:23:33,062 - engineio.server - INFO - efFn4VflUuuaThAaAAAA: Received packet PONG data 
2024-09-22 00:23:34,923 - socketio.server - INFO - emitting event "update_patient_data" to nikos.spanos@outlook.com [/]
2024-09-22 00:23:34,923 - engineio.server - INFO - efFn4VflUuuaThAaAAAA: Sending packet MESSAGE data 2["update_patient_data",{"device_owner":"usernameA","avg_temp":-1.0,"graph_data":"{\"x\": [], \"y_heart_rate\": [], \"y_spo2\": [], \"device_owner\": \"usernameA\"}","personal_traits":{"name":"Alicia Keys","age":61,"gender":"Female"},"medical_history":{"chronic_conditions":"Diabetes","family_history":"Heart disease","smoking":"No","alcohol_usage":"Occasional","allergies":null,"medication":"Metformin"}}]
2024-09-22 00:23:39,943 - socketio.server - INFO - emitting event "update_patient_data" to nikos.spanos@outlook.com [/]
2024-09-22 00:23:39,943 - engineio.server - INFO - efFn4VflUuuaThAaAAAA: Sending packet MESSAGE data 2["update_patient_data",{"device_owner":"usernameA","avg_temp":-1.0,"graph_data":"{\"x\": [], \"y_heart_rate\": [], \"y_spo2\": [], \"device_owner\": \"usernameA\"}","personal_traits":{"name":"Alicia Keys","age":61,"gender":"Female"},"medical_history":{"chronic_conditions":"Diabetes","family_history":"Heart disease","smoking":"No","alcohol_usage":"Occasional","allergies":null,"medication":"Metformin"}}]
2024-09-22 00:23:44,962 - socketio.server - INFO - emitting event "update_patient_data" to nikos.spanos@outlook.com [/]
2024-09-22 00:23:44,963 - engineio.server - INFO - efFn4VflUuuaThAaAAAA: Sending packet MESSAGE data 2["update_patient_data",{"device_owner":"usernameA","avg_temp":-1.0,"graph_data":"{\"x\": [], \"y_heart_rate\": [], \"y_spo2\": [], \"device_owner\": \"usernameA\"}","personal_traits":{"name":"Alicia Keys","age":61,"gender":"Female"},"medical_history":{"chronic_conditions":"Diabetes","family_history":"Heart disease","smoking":"No","alcohol_usage":"Occasional","allergies":null,"medication":"Metformin"}}]
2024-09-22 00:23:49,982 - socketio.server - INFO - emitting event "update_patient_data" to nikos.spanos@outlook.com [/]
2024-09-22 00:23:49,982 - engineio.server - INFO - efFn4VflUuuaThAaAAAA: Sending packet MESSAGE data 2["update_patient_data",{"device_owner":"usernameA","avg_temp":-1.0,"graph_data":"{\"x\": [], \"y_heart_rate\": [], \"y_spo2\": [], \"device_owner\": \"usernameA\"}","personal_traits":{"name":"Alicia Keys","age":61,"gender":"Female"},"medical_history":{"chronic_conditions":"Diabetes","family_history":"Heart disease","smoking":"No","alcohol_usage":"Occasional","allergies":null,"medication":"Metformin"}}]
2024-09-22 00:23:55,000 - socketio.server - INFO - emitting event "update_patient_data" to nikos.spanos@outlook.com [/]
2024-09-22 00:23:55,000 - engineio.server - INFO - efFn4VflUuuaThAaAAAA: Sending packet MESSAGE data 2["update_patient_data",{"device_owner":"usernameA","avg_temp":-1.0,"graph_data":"{\"x\": [], \"y_heart_rate\": [], \"y_spo2\": [], \"device_owner\": \"usernameA\"}","personal_traits":{"name":"Alicia Keys","age":61,"gender":"Female"},"medical_history":{"chronic_conditions":"Diabetes","family_history":"Heart disease","smoking":"No","alcohol_usage":"Occasional","allergies":null,"medication":"Metformin"}}]
2024-09-22 00:23:58,063 - engineio.server - INFO - efFn4VflUuuaThAaAAAA: Sending packet PING data None
2024-09-22 00:23:58,064 - engineio.server - INFO - efFn4VflUuuaThAaAAAA: Received packet PONG data 
2024-09-22 00:24:00,025 - socketio.server - INFO - emitting event "update_patient_data" to nikos.spanos@outlook.com [/]
2024-09-22 00:24:00,026 - engineio.server - INFO - efFn4VflUuuaThAaAAAA: Sending packet MESSAGE data 2["update_patient_data",{"device_owner":"usernameA","avg_temp":-1.0,"graph_data":"{\"x\": [], \"y_heart_rate\": [], \"y_spo2\": [], \"device_owner\": \"usernameA\"}","personal_traits":{"name":"Alicia Keys","age":61,"gender":"Female"},"medical_history":{"chronic_conditions":"Diabetes","family_history":"Heart disease","smoking":"No","alcohol_usage":"Occasional","allergies":null,"medication":"Metformin"}}]
2024-09-22 00:24:05,073 - socketio.server - INFO - emitting event "update_patient_data" to nikos.spanos@outlook.com [/]
2024-09-22 00:24:05,074 - engineio.server - INFO - efFn4VflUuuaThAaAAAA: Sending packet MESSAGE data 2["update_patient_data",{"device_owner":"usernameA","avg_temp":-1.0,"graph_data":"{\"x\": [], \"y_heart_rate\": [], \"y_spo2\": [], \"device_owner\": \"usernameA\"}","personal_traits":{"name":"Alicia Keys","age":61,"gender":"Female"},"medical_history":{"chronic_conditions":"Diabetes","family_history":"Heart disease","smoking":"No","alcohol_usage":"Occasional","allergies":null,"medication":"Metformin"}}]
2024-09-22 00:24:10,106 - socketio.server - INFO - emitting event "update_patient_data" to nikos.spanos@outlook.com [/]
2024-09-22 00:24:10,106 - engineio.server - INFO - efFn4VflUuuaThAaAAAA: Sending packet MESSAGE data 2["update_patient_data",{"device_owner":"usernameA","avg_temp":-1.0,"graph_data":"{\"x\": [], \"y_heart_rate\": [], \"y_spo2\": [], \"device_owner\": \"usernameA\"}","personal_traits":{"name":"Alicia Keys","age":61,"gender":"Female"},"medical_history":{"chronic_conditions":"Diabetes","family_history":"Heart disease","smoking":"No","alcohol_usage":"Occasional","allergies":null,"medication":"Metformin"}}]
2024-09-22 00:24:15,138 - socketio.server - INFO - emitting event "update_patient_data" to nikos.spanos@outlook.com [/]
2024-09-22 00:24:15,138 - engineio.server - INFO - efFn4VflUuuaThAaAAAA: Sending packet MESSAGE data 2["update_patient_data",{"device_owner":"usernameA","avg_temp":-1.0,"graph_data":"{\"x\": [], \"y_heart_rate\": [], \"y_spo2\": [], \"device_owner\": \"usernameA\"}","personal_traits":{"name":"Alicia Keys","age":61,"gender":"Female"},"medical_history":{"chronic_conditions":"Diabetes","family_history":"Heart disease","smoking":"No","alcohol_usage":"Occasional","allergies":null,"medication":"Metformin"}}]
2024-09-22 00:24:20,164 - socketio.server - INFO - emitting event "update_patient_data" to nikos.spanos@outlook.com [/]
2024-09-22 00:24:20,164 - engineio.server - INFO - efFn4VflUuuaThAaAAAA: Sending packet MESSAGE data 2["update_patient_data",{"device_owner":"usernameA","avg_temp":-1.0,"graph_data":"{\"x\": [], \"y_heart_rate\": [], \"y_spo2\": [], \"device_owner\": \"usernameA\"}","personal_traits":{"name":"Alicia Keys","age":61,"gender":"Female"},"medical_history":{"chronic_conditions":"Diabetes","family_history":"Heart disease","smoking":"No","alcohol_usage":"Occasional","allergies":null,"medication":"Metformin"}}]
2024-09-22 00:24:23,066 - engineio.server - INFO - efFn4VflUuuaThAaAAAA: Sending packet PING data None
2024-09-22 00:24:23,068 - engineio.server - INFO - efFn4VflUuuaThAaAAAA: Received packet PONG data 
2024-09-22 00:24:25,183 - socketio.server - INFO - emitting event "update_patient_data" to nikos.spanos@outlook.com [/]
2024-09-22 00:24:25,183 - engineio.server - INFO - efFn4VflUuuaThAaAAAA: Sending packet MESSAGE data 2["update_patient_data",{"device_owner":"usernameA","avg_temp":-1.0,"graph_data":"{\"x\": [], \"y_heart_rate\": [], \"y_spo2\": [], \"device_owner\": \"usernameA\"}","personal_traits":{"name":"Alicia Keys","age":61,"gender":"Female"},"medical_history":{"chronic_conditions":"Diabetes","family_history":"Heart disease","smoking":"No","alcohol_usage":"Occasional","allergies":null,"medication":"Metformin"}}]
2024-09-22 00:24:30,204 - socketio.server - INFO - emitting event "update_patient_data" to nikos.spanos@outlook.com [/]
2024-09-22 00:24:30,204 - engineio.server - INFO - efFn4VflUuuaThAaAAAA: Sending packet MESSAGE data 2["update_patient_data",{"device_owner":"usernameA","avg_temp":-1.0,"graph_data":"{\"x\": [], \"y_heart_rate\": [], \"y_spo2\": [], \"device_owner\": \"usernameA\"}","personal_traits":{"name":"Alicia Keys","age":61,"gender":"Female"},"medical_history":{"chronic_conditions":"Diabetes","family_history":"Heart disease","smoking":"No","alcohol_usage":"Occasional","allergies":null,"medication":"Metformin"}}]
2024-09-22 00:24:35,230 - socketio.server - INFO - emitting event "update_patient_data" to nikos.spanos@outlook.com [/]
2024-09-22 00:24:35,230 - engineio.server - INFO - efFn4VflUuuaThAaAAAA: Sending packet MESSAGE data 2["update_patient_data",{"device_owner":"usernameA","avg_temp":-1.0,"graph_data":"{\"x\": [], \"y_heart_rate\": [], \"y_spo2\": [], \"device_owner\": \"usernameA\"}","personal_traits":{"name":"Alicia Keys","age":61,"gender":"Female"},"medical_history":{"chronic_conditions":"Diabetes","family_history":"Heart disease","smoking":"No","alcohol_usage":"Occasional","allergies":null,"medication":"Metformin"}}]
